This is pdfTeX, Version 3.1415926-2.5-1.40.14 (MiKTeX 2.9 64-bit) (preloaded format=pdflatex 2015.7.22)  5 JAN 2017 13:06
entering extended mode
**lniguide.tex

("C:\Users\Miran Mizani\Studium\Informatik\6. Semester\TimS\git-Repo\timvs\tex\
lniguide.tex"
LaTeX2e <2011/06/27>
Babel <v3.8m> and hyphenation patterns for english, afrikaans, ancientgreek, ar
abic, armenian, assamese, basque, bengali, bokmal, bulgarian, catalan, coptic, 
croatian, czech, danish, dutch, esperanto, estonian, farsi, finnish, french, ga
lician, german, german-x-2013-05-26, greek, gujarati, hindi, hungarian, iceland
ic, indonesian, interlingua, irish, italian, kannada, kurmanji, latin, latvian,
 lithuanian, malayalam, marathi, mongolian, mongolianlmc, monogreek, ngerman, n
german-x-2013-05-26, nynorsk, oriya, panjabi, pinyin, polish, portuguese, roman
ian, russian, sanskrit, serbian, slovak, slovenian, spanish, swedish, swissgerm
an, tamil, telugu, turkish, turkmen, ukenglish, ukrainian, uppersorbian, usengl
ishmax, welsh, loaded.

("C:\Users\Miran Mizani\Studium\Informatik\6. Semester\TimS\git-Repo\timvs\tex\
lni.cls"
Document Class: lni 2004/13/07 v0.41, by Robert Tolksdorf, Berlin
("C:\Program Files\MiKTeX 2.9\tex\latex\base\article.cls"
Document Class: article 2007/10/19 v1.4h Standard LaTeX document class
("C:\Program Files\MiKTeX 2.9\tex\latex\base\fleqn.clo"
File: fleqn.clo 1998/08/17 v1.1c Standard LaTeX option (flush left equations)
\mathindent=\dimen102
)
("C:\Program Files\MiKTeX 2.9\tex\latex\base\size10.clo"
File: size10.clo 2007/10/19 v1.4h Standard LaTeX file (size option)
)
\c@part=\count79
\c@section=\count80
\c@subsection=\count81
\c@subsubsection=\count82
\c@paragraph=\count83
\c@subparagraph=\count84
\c@figure=\count85
\c@table=\count86
\abovecaptionskip=\skip41
\belowcaptionskip=\skip42
\bibindent=\dimen103
)
("C:\Program Files\MiKTeX 2.9\tex\generic\babel\babel.sty"
Package: babel 2008/07/08 v3.8m The Babel package

*************************************
* Local config file bblopts.cfg used
*
("C:\Program Files\MiKTeX 2.9\tex\latex\00miktex\bblopts.cfg"
File: bblopts.cfg 2006/07/31 v1.0 MiKTeX 'babel' configuration
)
("C:\Program Files\MiKTeX 2.9\tex\generic\babel\english.ldf"
Language: english 2005/03/30 v3.3o English support from the babel system

("C:\Program Files\MiKTeX 2.9\tex\generic\babel\babel.def"
File: babel.def 2008/07/08 v3.8m Babel common definitions
\babel@savecnt=\count87
\U@D=\dimen104
)
\l@canadian = a dialect from \language\l@american 
\l@australian = a dialect from \language\l@british 
\l@newzealand = a dialect from \language\l@british 
)
("C:\Program Files\MiKTeX 2.9\tex\generic\babel\ngermanb.ldf"
Language: ngermanb 2008/07/06 v2.6n new German support from the babel system
\l@naustrian = a dialect from \language\l@ngerman 
Package babel Info: Making " an active character on input line 92.
))
("C:\Program Files\MiKTeX 2.9\tex\latex\psnfss\times.sty"
Package: times 2005/04/12 PSNFSS-v9.2a (SPQR) 
)
("C:\Program Files\MiKTeX 2.9\tex\latex\tools\verbatim.sty"
Package: verbatim 2003/08/22 v1.5q LaTeX2e package for verbatim enhancements
\every@verbatim=\toks14
\verbatim@line=\toks15
\verbatim@in@stream=\read1
))
("C:\Users\Miran Mizani\Studium\Informatik\6. Semester\TimS\git-Repo\timvs\tex\
latin1.sty") ("C:\Program Files\MiKTeX 2.9\tex\latex\graphics\graphicx.sty"
Package: graphicx 1999/02/16 v1.0f Enhanced LaTeX Graphics (DPC,SPQR)

("C:\Program Files\MiKTeX 2.9\tex\latex\graphics\keyval.sty"
Package: keyval 1999/03/16 v1.13 key=value parser (DPC)
\KV@toks@=\toks16
)
("C:\Program Files\MiKTeX 2.9\tex\latex\graphics\graphics.sty"
Package: graphics 2009/02/05 v1.0o Standard LaTeX Graphics (DPC,SPQR)

("C:\Program Files\MiKTeX 2.9\tex\latex\graphics\trig.sty"
Package: trig 1999/03/16 v1.09 sin cos tan (DPC)
)
("C:\Program Files\MiKTeX 2.9\tex\latex\00miktex\graphics.cfg"
File: graphics.cfg 2007/01/18 v1.5 graphics configuration of teTeX/TeXLive
)
Package graphics Info: Driver file: pdftex.def on input line 91.

("C:\Program Files\MiKTeX 2.9\tex\latex\pdftex-def\pdftex.def"
File: pdftex.def 2011/05/27 v0.06d Graphics/color for pdfTeX

("C:\Program Files\MiKTeX 2.9\tex\generic\oberdiek\infwarerr.sty"
Package: infwarerr 2010/04/08 v1.3 Providing info/warning/error messages (HO)
)
("C:\Program Files\MiKTeX 2.9\tex\generic\oberdiek\ltxcmds.sty"
Package: ltxcmds 2011/11/09 v1.22 LaTeX kernel commands for general use (HO)
)
\Gread@gobject=\count88
))
\Gin@req@height=\dimen105
\Gin@req@width=\dimen106
)
("C:\Program Files\MiKTeX 2.9\tex\latex\url\url.sty"
\Urlmuskip=\muskip10
Package: url 2013/09/16  ver 3.4  Verb mode for urls, etc.
)
("C:\Program Files\MiKTeX 2.9\tex\latex\listings\listings.sty"
\lst@mode=\count89
\lst@gtempboxa=\box26
\lst@token=\toks17
\lst@length=\count90
\lst@currlwidth=\dimen107
\lst@column=\count91
\lst@pos=\count92
\lst@lostspace=\dimen108
\lst@width=\dimen109
\lst@newlines=\count93
\lst@lineno=\count94
\lst@maxwidth=\dimen110

("C:\Program Files\MiKTeX 2.9\tex\latex\listings\lstmisc.sty"
File: lstmisc.sty 2015/06/04 1.6 (Carsten Heinz)
\c@lstnumber=\count95
\lst@skipnumbers=\count96
\lst@framebox=\box27
)
("C:\Program Files\MiKTeX 2.9\tex\latex\listings\listings.cfg"
File: listings.cfg 2015/06/04 1.6 listings configuration
))
Package: listings 2015/06/04 1.6 (Carsten Heinz)

("C:\Users\Miran Mizani\Studium\Informatik\6. Semester\TimS\git-Repo\timvs\tex\
lniguide.aux")
LaTeX Font Info:    Checking defaults for OML/cmm/m/it on input line 18.
LaTeX Font Info:    ... okay on input line 18.
LaTeX Font Info:    Checking defaults for T1/cmr/m/n on input line 18.
LaTeX Font Info:    ... okay on input line 18.
LaTeX Font Info:    Checking defaults for OT1/cmr/m/n on input line 18.
LaTeX Font Info:    ... okay on input line 18.
LaTeX Font Info:    Checking defaults for OMS/cmsy/m/n on input line 18.
LaTeX Font Info:    ... okay on input line 18.
LaTeX Font Info:    Checking defaults for OMX/cmex/m/n on input line 18.
LaTeX Font Info:    ... okay on input line 18.
LaTeX Font Info:    Checking defaults for U/cmr/m/n on input line 18.
LaTeX Font Info:    ... okay on input line 18.
LaTeX Font Info:    Try loading font information for OT1+ptm on input line 18.
 ("C:\Program Files\MiKTeX 2.9\tex\latex\psnfss\ot1ptm.fd"
File: ot1ptm.fd 2001/06/04 font definitions for OT1/ptm.
)
("C:\Program Files\MiKTeX 2.9\tex\context\base\supp-pdf.mkii"
[Loading MPS to PDF converter (version 2006.09.02).]
\scratchcounter=\count97
\scratchdimen=\dimen111
\scratchbox=\box28
\nofMPsegments=\count98
\nofMParguments=\count99
\everyMPshowfont=\toks18
\MPscratchCnt=\count100
\MPscratchDim=\dimen112
\MPnumerator=\count101
\makeMPintoPDFobject=\count102
\everyMPtoPDFconversion=\toks19
)
\c@lstlisting=\count103
LaTeX Font Info:    External font `cmex10' loaded for size
(Font)              <7> on input line 19.
LaTeX Font Info:    External font `cmex10' loaded for size
(Font)              <5> on input line 19.
LaTeX Font Info:    Try loading font information for OMS+ptm on input line 19.
 ("C:\Program Files\MiKTeX 2.9\tex\latex\psnfss\omsptm.fd"
File: omsptm.fd 
)
LaTeX Font Info:    Font shape `OMS/ptm/m/n' in size <10> not available
(Font)              Font shape `OMS/cmsy/m/n' tried instead on input line 19.
LaTeX Font Info:    Font shape `OT1/ptm/bx/n' in size <9> not available
(Font)              Font shape `OT1/ptm/b/n' tried instead on input line 26.
 [1

{C:/ProgramData/MiKTeX/2.9/pdftex/config/pdftex.map}]
("C:\Users\Miran Mizani\Studium\Informatik\6. Semester\TimS\git-Repo\timvs\tex\
lniguide.toc")
\tf@toc=\write3
 [2]
LaTeX Font Info:    Font shape `OT1/ptm/bx/n' in size <10> not available
(Font)              Font shape `OT1/ptm/b/n' tried instead on input line 48.


LaTeX Warning: Citation `Cole' on page 3 undefined on input line 48.

<pix/physical_structure2.pdf, id=12, 546.04pt x 283.0575pt>
File: pix/physical_structure2.pdf Graphic file (type pdf)

<use pix/physical_structure2.pdf>
Package pdftex.def Info: pix/physical_structure2.pdf used on input line 52.
(pdftex.def)             Requested size: 250.9522pt x 130.08708pt.
 [3 <C:/Users/Miran Mizani/Studium/Informatik/6. Semester/TimS/git-Repo/timvs/t
ex/pix/physical_structure2.pdf>]
<pix/VNR1.pdf, id=19, 323.2075pt x 242.9075pt>
File: pix/VNR1.pdf Graphic file (type pdf)
 <use pix/VNR1.pdf>
Package pdftex.def Info: pix/VNR1.pdf used on input line 78.
(pdftex.def)             Requested size: 143.39969pt x 107.77287pt.

Underfull \hbox (badness 10000) in paragraph at lines 82--83

 []


LaTeX Warning: Citation `SVNE2' on page 4 undefined on input line 102.


Overfull \hbox (6.25192pt too wide) in paragraph at lines 98--103
\OT1/ptm/m/n/10 Vollst[]andigkeit [[]]. Da die Erh[]ohung der At-tri-but-men-ge
 - wie be-reits ge-nannt - grunds[]atzlich
 []

[4 <C:/Users/Miran Mizani/Studium/Informatik/6. Semester/TimS/git-Repo/timvs/te
x/pix/VNR1.pdf>]

LaTeX Warning: Citation `wang2016towards' on page 5 undefined on input line 120
.


Overfull \hbox (10.37178pt too wide) in paragraph at lines 120--122
[]\OT1/ptm/m/n/10 Hierbei besch[]aftigen wir uns mit dem L[]osungsansatz aus [[
]]. Das Haupt-au-gen-merk bez[]uglich
 []


LaTeX Warning: Citation `DOS' on page 5 undefined on input line 124.


Overfull \hbox (9.51236pt too wide) in paragraph at lines 123--125
\OT1/ptm/m/n/10 sel-ben Netz wird durch die-se Ma-nah-me ver-hin-dert. W[]ahre
nd "high\Resourcenteilung
 []

[5]
Underfull \hbox (badness 10000) in paragraph at lines 132--133

 []

<pix/SVNR.pdf, id=31, 731.73375pt x 398.48875pt>
File: pix/SVNR.pdf Graphic file (type pdf)
 <use pix/SVNR.pdf>
Package pdftex.def Info: pix/SVNR.pdf used on input line 134.
(pdftex.def)             Requested size: 286.80486pt x 156.18828pt.

Overfull \hbox (32.66127pt too wide) in paragraph at lines 136--137
\OT1/ptm/m/n/10 wer-den sie aus der Be-re-chung aus-ge-schlos-sen. Der zwei-te 
Schritt ist dem[]Net-work plan\gewidmet.
 []


Overfull \hbox (2.12166pt too wide) in paragraph at lines 136--137
\OT1/ptm/m/n/10 aus-ge-schlos-sen. Im drit-ten Schritt wer-den die Si-cher-heit
s-an-for-de-run-gen der ein-zel-nen Kno-
 []


Underfull \hbox (badness 10000) in paragraph at lines 136--137

 []

<pix/pre-processing.pdf, id=32, 1415.2875pt x 466.74374pt>
File: pix/pre-processing.pdf Graphic file (type pdf)

<use pix/pre-processing.pdf>
Package pdftex.def Info: pix/pre-processing.pdf used on input line 138.
(pdftex.def)             Requested size: 358.50471pt x 118.22398pt.
 [6 <C:/Users/Miran Mizani/Studium/Informatik/6. Semester/TimS/git-Repo/timvs/t
ex/pix/SVNR.pdf>]
Underfull \hbox (badness 10000) in paragraph at lines 140--141

 []


LaTeX Warning: File `aux.pdf' not found on input line 142.

